[0725/224223.730:INFO:CONSOLE(0)] "Error with Permissions-Policy header: Unrecognized feature: 'ambient-light-sensor'.", source:  (0)
[0725/224223.730:INFO:CONSOLE(0)] "Error with Permissions-Policy header: Unrecognized feature: 'bluetooth'.", source:  (0)
[0725/224225.321:INFO:CONSOLE(43)] "Uncaught (in promise) TypeError: Failed to execute 'put' on 'Cache': Partial response (status code 206) is unsupported", source: https://web.whatsapp.com/serviceworker.js (43)
[0725/224236.053:INFO:CONSOLE(43)] "Uncaught (in promise) TypeError: Failed to execute 'put' on 'Cache': Partial response (status code 206) is unsupported", source: https://web.whatsapp.com/serviceworker.js (43)
[0725/224236.172:INFO:CONSOLE(43)] "Uncaught (in promise) TypeError: Failed to execute 'put' on 'Cache': Partial response (status code 206) is unsupported", source: https://web.whatsapp.com/serviceworker.js (43)
[0725/225446.935:ERROR:ssl_client_socket_impl.cc(999)] handshake failed; returned -1, SSL error code 1, net_error -101
[0725/225457.290:ERROR:ssl_client_socket_impl.cc(999)] handshake failed; returned -1, SSL error code 1, net_error -101
[0725/225506.222:ERROR:ssl_client_socket_impl.cc(999)] handshake failed; returned -1, SSL error code 1, net_error -101
[0725/225516.542:ERROR:ssl_client_socket_impl.cc(999)] handshake failed; returned -1, SSL error code 1, net_error -101
[0725/225525.470:ERROR:ssl_client_socket_impl.cc(999)] handshake failed; returned -1, SSL error code 1, net_error -101
[0725/225536.153:ERROR:ssl_client_socket_impl.cc(999)] handshake failed; returned -1, SSL error code 1, net_error -101
[0725/225544.783:ERROR:ssl_client_socket_impl.cc(999)] handshake failed; returned -1, SSL error code 1, net_error -101
[0725/225549.341:ERROR:ssl_client_socket_impl.cc(999)] handshake failed; returned -1, SSL error code 1, net_error -101
[0725/225555.388:ERROR:ssl_client_socket_impl.cc(999)] handshake failed; returned -1, SSL error code 1, net_error -101
[0725/225555.388:INFO:CONSOLE(0)] "The FetchEvent for "https://web.whatsapp.com/img/favicon-error2_fb2afa4bfd23495c7bd2555bb080bb35.png" resulted in a network error response: the promise was rejected.", source:  (0)
[0725/225555.388:INFO:CONSOLE(43)] "Uncaught (in promise) TypeError: Failed to fetch", source: https://web.whatsapp.com/serviceworker.js (43)
[0725/225604.065:ERROR:ssl_client_socket_impl.cc(999)] handshake failed; returned -1, SSL error code 1, net_error -101
[0725/225608.592:ERROR:ssl_client_socket_impl.cc(999)] handshake failed; returned -1, SSL error code 1, net_error -101
[0725/225615.750:ERROR:ssl_client_socket_impl.cc(999)] handshake failed; returned -1, SSL error code 1, net_error -101
[0725/225640.157:ERROR:ssl_client_socket_impl.cc(999)] handshake failed; returned -1, SSL error code 1, net_error -101
[0725/225640.173:ERROR:ssl_client_socket_impl.cc(999)] handshake failed; returned -1, SSL error code 1, net_error -101
[0725/225640.173:INFO:CONSOLE(0)] "The FetchEvent for "https://web.whatsapp.com/img/favicon-error2_fb2afa4bfd23495c7bd2555bb080bb35.png" resulted in a network error response: the promise was rejected.", source:  (0)
[0725/225640.173:INFO:CONSOLE(43)] "Uncaught (in promise) TypeError: Failed to fetch", source: https://web.whatsapp.com/serviceworker.js (43)
[0725/225658.280:INFO:CONSOLE(0)] "The FetchEvent for "https://web.whatsapp.com/img/favicon-error2_fb2afa4bfd23495c7bd2555bb080bb35.png" resulted in a network error response: the promise was rejected.", source:  (0)
[0725/225658.280:INFO:CONSOLE(43)] "Uncaught (in promise) TypeError: Failed to fetch", source: https://web.whatsapp.com/serviceworker.js (43)
[0725/225702.196:ERROR:ssl_client_socket_impl.cc(999)] handshake failed; returned -1, SSL error code 1, net_error -101
[0725/225702.290:ERROR:ssl_client_socket_impl.cc(999)] handshake failed; returned -1, SSL error code 1, net_error -101
[0725/225702.290:ERROR:ssl_client_socket_impl.cc(999)] handshake failed; returned -1, SSL error code 1, net_error -101
[0725/225702.383:ERROR:ssl_client_socket_impl.cc(999)] handshake failed; returned -1, SSL error code 1, net_error -101
[0725/225702.464:ERROR:ssl_client_socket_impl.cc(999)] handshake failed; returned -1, SSL error code 1, net_error -101
[0725/225702.558:ERROR:ssl_client_socket_impl.cc(999)] handshake failed; returned -1, SSL error code 1, net_error -101
[0725/225703.512:INFO:CONSOLE(0)] "The FetchEvent for "https://web.whatsapp.com/img/favicon-error2_fb2afa4bfd23495c7bd2555bb080bb35.png" resulted in a network error response: the promise was rejected.", source:  (0)
[0725/225703.512:INFO:CONSOLE(43)] "Uncaught (in promise) TypeError: Failed to fetch", source: https://web.whatsapp.com/serviceworker.js (43)
[0725/225704.670:ERROR:ssl_client_socket_impl.cc(999)] handshake failed; returned -1, SSL error code 1, net_error -101
[0725/225704.732:ERROR:ssl_client_socket_impl.cc(999)] handshake failed; returned -1, SSL error code 1, net_error -101
[0725/225708.623:INFO:CONSOLE(0)] "The FetchEvent for "https://web.whatsapp.com/img/favicon-error2_fb2afa4bfd23495c7bd2555bb080bb35.png" resulted in a network error response: the promise was rejected.", source:  (0)
[0725/225708.623:INFO:CONSOLE(43)] "Uncaught (in promise) TypeError: Failed to fetch", source: https://web.whatsapp.com/serviceworker.js (43)
[0725/225709.779:ERROR:ssl_client_socket_impl.cc(999)] handshake failed; returned -1, SSL error code 1, net_error -101
[0725/225709.855:ERROR:ssl_client_socket_impl.cc(999)] handshake failed; returned -1, SSL error code 1, net_error -101
[0725/225713.718:INFO:CONSOLE(0)] "The FetchEvent for "https://web.whatsapp.com/img/favicon-error2_fb2afa4bfd23495c7bd2555bb080bb35.png" resulted in a network error response: the promise was rejected.", source:  (0)
[0725/225713.719:INFO:CONSOLE(43)] "Uncaught (in promise) TypeError: Failed to fetch", source: https://web.whatsapp.com/serviceworker.js (43)
[0725/225714.907:ERROR:ssl_client_socket_impl.cc(999)] handshake failed; returned -1, SSL error code 1, net_error -101
[0725/225714.971:ERROR:ssl_client_socket_impl.cc(999)] handshake failed; returned -1, SSL error code 1, net_error -101
[0725/225718.812:INFO:CONSOLE(0)] "The FetchEvent for "https://web.whatsapp.com/img/favicon-error2_fb2afa4bfd23495c7bd2555bb080bb35.png" resulted in a network error response: the promise was rejected.", source:  (0)
[0725/225718.812:INFO:CONSOLE(43)] "Uncaught (in promise) TypeError: Failed to fetch", source: https://web.whatsapp.com/serviceworker.js (43)
[0725/225720.031:ERROR:ssl_client_socket_impl.cc(999)] handshake failed; returned -1, SSL error code 1, net_error -101
[0725/225720.094:ERROR:ssl_client_socket_impl.cc(999)] handshake failed; returned -1, SSL error code 1, net_error -101
[0725/225723.942:INFO:CONSOLE(0)] "The FetchEvent for "https://web.whatsapp.com/img/favicon-error2_fb2afa4bfd23495c7bd2555bb080bb35.png" resulted in a network error response: the promise was rejected.", source:  (0)
[0725/225723.942:INFO:CONSOLE(43)] "Uncaught (in promise) TypeError: Failed to fetch", source: https://web.whatsapp.com/serviceworker.js (43)
[0725/225725.137:ERROR:ssl_client_socket_impl.cc(999)] handshake failed; returned -1, SSL error code 1, net_error -101
[0725/225725.191:ERROR:ssl_client_socket_impl.cc(999)] handshake failed; returned -1, SSL error code 1, net_error -101
[0725/225729.075:INFO:CONSOLE(0)] "The FetchEvent for "https://web.whatsapp.com/img/favicon-error2_fb2afa4bfd23495c7bd2555bb080bb35.png" resulted in a network error response: the promise was rejected.", source:  (0)
[0725/225729.075:INFO:CONSOLE(43)] "Uncaught (in promise) TypeError: Failed to fetch", source: https://web.whatsapp.com/serviceworker.js (43)
[0725/225730.275:ERROR:ssl_client_socket_impl.cc(999)] handshake failed; returned -1, SSL error code 1, net_error -101
[0725/225730.366:ERROR:ssl_client_socket_impl.cc(999)] handshake failed; returned -1, SSL error code 1, net_error -101
[0725/225734.193:INFO:CONSOLE(0)] "The FetchEvent for "https://web.whatsapp.com/img/favicon-error2_fb2afa4bfd23495c7bd2555bb080bb35.png" resulted in a network error response: the promise was rejected.", source:  (0)
[0725/225734.193:INFO:CONSOLE(43)] "Uncaught (in promise) TypeError: Failed to fetch", source: https://web.whatsapp.com/serviceworker.js (43)
[0725/225735.517:ERROR:ssl_client_socket_impl.cc(999)] handshake failed; returned -1, SSL error code 1, net_error -101
[0725/225735.582:ERROR:ssl_client_socket_impl.cc(999)] handshake failed; returned -1, SSL error code 1, net_error -101
[0725/225735.634:ERROR:ssl_client_socket_impl.cc(999)] handshake failed; returned -1, SSL error code 1, net_error -101
[0725/225735.696:ERROR:ssl_client_socket_impl.cc(999)] handshake failed; returned -1, SSL error code 1, net_error -101
[0725/225739.296:INFO:CONSOLE(0)] "The FetchEvent for "https://web.whatsapp.com/img/favicon-error2_fb2afa4bfd23495c7bd2555bb080bb35.png" resulted in a network error response: the promise was rejected.", source:  (0)
[0725/225739.296:INFO:CONSOLE(43)] "Uncaught (in promise) TypeError: Failed to fetch", source: https://web.whatsapp.com/serviceworker.js (43)
[0725/225741.647:ERROR:ssl_client_socket_impl.cc(999)] handshake failed; returned -1, SSL error code 1, net_error -101
[0725/225741.720:ERROR:ssl_client_socket_impl.cc(999)] handshake failed; returned -1, SSL error code 1, net_error -101
[0725/225745.560:INFO:CONSOLE(0)] "The FetchEvent for "https://web.whatsapp.com/img/favicon-error2_fb2afa4bfd23495c7bd2555bb080bb35.png" resulted in a network error response: the promise was rejected.", source:  (0)
[0725/225745.561:INFO:CONSOLE(43)] "Uncaught (in promise) TypeError: Failed to fetch", source: https://web.whatsapp.com/serviceworker.js (43)
[0725/225750.049:ERROR:ssl_client_socket_impl.cc(999)] handshake failed; returned -1, SSL error code 1, net_error -101
[0725/225750.117:ERROR:ssl_client_socket_impl.cc(999)] handshake failed; returned -1, SSL error code 1, net_error -101
[0725/225754.001:INFO:CONSOLE(0)] "The FetchEvent for "https://web.whatsapp.com/img/favicon-error2_fb2afa4bfd23495c7bd2555bb080bb35.png" resulted in a network error response: the promise was rejected.", source:  (0)
[0725/225754.001:INFO:CONSOLE(43)] "Uncaught (in promise) TypeError: Failed to fetch", source: https://web.whatsapp.com/serviceworker.js (43)
[0725/225802.420:ERROR:ssl_client_socket_impl.cc(999)] handshake failed; returned -1, SSL error code 1, net_error -101
[0725/225802.482:ERROR:ssl_client_socket_impl.cc(999)] handshake failed; returned -1, SSL error code 1, net_error -101
[0725/225806.339:INFO:CONSOLE(0)] "The FetchEvent for "https://web.whatsapp.com/img/favicon-error2_fb2afa4bfd23495c7bd2555bb080bb35.png" resulted in a network error response: the promise was rejected.", source:  (0)
[0725/225806.339:INFO:CONSOLE(43)] "Uncaught (in promise) TypeError: Failed to fetch", source: https://web.whatsapp.com/serviceworker.js (43)
[0725/225823.087:INFO:CONSOLE(0)] "The FetchEvent for "https://web.whatsapp.com/img/favicon-error2_fb2afa4bfd23495c7bd2555bb080bb35.png" resulted in a network error response: the promise was rejected.", source:  (0)
[0725/225823.087:INFO:CONSOLE(43)] "Uncaught (in promise) TypeError: Failed to fetch", source: https://web.whatsapp.com/serviceworker.js (43)
[0725/225917.836:ERROR:ssl_client_socket_impl.cc(999)] handshake failed; returned -1, SSL error code 1, net_error -101
[0725/225937.066:ERROR:ssl_client_socket_impl.cc(999)] handshake failed; returned -1, SSL error code 1, net_error -101
[0725/225937.067:INFO:CONSOLE(0)] "The FetchEvent for "https://web.whatsapp.com/img/favicon-error2_fb2afa4bfd23495c7bd2555bb080bb35.png" resulted in a network error response: the promise was rejected.", source:  (0)
[0725/225937.068:INFO:CONSOLE(43)] "Uncaught (in promise) TypeError: Failed to fetch", source: https://web.whatsapp.com/serviceworker.js (43)
[0725/230056.257:ERROR:ssl_client_socket_impl.cc(999)] handshake failed; returned -1, SSL error code 1, net_error -101
[0725/230059.562:ERROR:ssl_client_socket_impl.cc(999)] handshake failed; returned -1, SSL error code 1, net_error -101
[0725/230115.542:ERROR:ssl_client_socket_impl.cc(999)] handshake failed; returned -1, SSL error code 1, net_error -101
[0725/230118.834:ERROR:ssl_client_socket_impl.cc(999)] handshake failed; returned -1, SSL error code 1, net_error -101
[0725/230118.834:INFO:CONSOLE(0)] "The FetchEvent for "https://web.whatsapp.com/img/favicon-error2_fb2afa4bfd23495c7bd2555bb080bb35.png" resulted in a network error response: the promise was rejected.", source:  (0)
[0725/230118.834:INFO:CONSOLE(43)] "Uncaught (in promise) TypeError: Failed to fetch", source: https://web.whatsapp.com/serviceworker.js (43)
